<?xml version="1.0" encoding="UTF-8"?>
<testng-results ignored="0" total="2" passed="2" failed="0" skipped="0">
  <reporter-output>
  </reporter-output>
  <suite started-at="2021-04-27T15:10:02Z" name="Suite" finished-at="2021-04-27T15:10:02Z" duration-ms="47">
    <groups>
    </groups>
    <test started-at="2021-04-27T15:10:02Z" name="Test" finished-at="2021-04-27T15:10:02Z" duration-ms="47">
      <class name="TestingMaven.Maven.WebTest">
        <test-method signature="LogIn()[pri:0, instance:TestingMaven.Maven.WebTest@329dbdbf]" started-at="2021-04-27T20:40:02Z" name="LogIn" finished-at="2021-04-27T20:40:02Z" duration-ms="11" status="PASS">
          <reporter-output>
          </reporter-output>
        </test-method> <!-- LogIn -->
        <test-method signature="LogOut()[pri:0, instance:TestingMaven.Maven.WebTest@329dbdbf]" started-at="2021-04-27T20:40:02Z" name="LogOut" finished-at="2021-04-27T20:40:02Z" duration-ms="0" status="PASS">
          <reporter-output>
          </reporter-output>
        </test-method> <!-- LogOut -->
      </class> <!-- TestingMaven.Maven.WebTest -->
    </test> <!-- Test -->
  </suite> <!-- Suite -->
</testng-results>
