<?xml version="1.0" encoding="UTF-8"?>
<testsuite xmlns:xsi="http://www.w3.org/2001/XMLSchema-instance" xsi:noNamespaceSchemaLocation="https://maven.apache.org/surefire/maven-surefire-plugin/xsd/surefire-test-report-3.0.xsd" version="3.0" name="TestingMaven.Maven.WebTest" time="1.141" tests="2" errors="0" skipped="0" failures="0">
  <properties>
[...]
</properties>
  <testcase name="LogIn" classname="TestingMaven.Maven.WebTest" time="0.013">
    <system-out><![CDATA[LogIn Test
]]></system-out>
  </testcase>
  <testcase name="LogOut" classname="TestingMaven.Maven.WebTest" time="0.001">
    <system-out><![CDATA[Logout Test
]]></system-out>
  </testcase>
</testsuite>