<?xml version="1.0" encoding="UTF-8"?>
<testng-results ignored="0" total="1" passed="1" failed="0" skipped="0">
  <reporter-output>
  </reporter-output>
  <suite started-at="2021-04-28T16:04:29 IST" name="Default suite" finished-at="2021-04-28T16:04:49 IST" duration-ms="19810">
    <groups>
    </groups>
    <test started-at="2021-04-28T16:04:29 IST" name="Default test" finished-at="2021-04-28T16:04:49 IST" duration-ms="19810">
      <class name="TestingMaven.Maven.WebTest">
        <test-method is-config="true" signature="config()[pri:0, instance:TestingMaven.Maven.WebTest@3cc1435c]" started-at="2021-04-28T16:04:29 IST" name="config" finished-at="2021-04-28T16:04:29 IST" duration-ms="524" status="PASS">
          <reporter-output>
          </reporter-output>
        </test-method> <!-- config -->
        <test-method signature="LogIn()[pri:0, instance:TestingMaven.Maven.WebTest@3cc1435c]" started-at="2021-04-28T16:04:29 IST" name="LogIn" finished-at="2021-04-28T16:04:49 IST" duration-ms="19230" status="PASS">
          <reporter-output>
          </reporter-output>
        </test-method> <!-- LogIn -->
      </class> <!-- TestingMaven.Maven.WebTest -->
    </test> <!-- Default test -->
  </suite> <!-- Default suite -->
</testng-results>
